[ 2016-09-13T14:29:20+08:00 ] ::1 /house/index.php/Admin/Index/index.html
INFO: [ app_init ] --START--
INFO: Run Behavior\BuildLiteBehavior [ RunTime:0.000012s ]
INFO: [ app_init ] --END-- [ RunTime:0.000366s ]
INFO: [ app_begin ] --START--
INFO: Run Behavior\ReadHtmlCacheBehavior [ RunTime:0.000876s ]
INFO: [ app_begin ] --END-- [ RunTime:0.000924s ]
SQL: SHOW COLUMNS FROM `house` [ RunTime:0.0065s ]
NOTIC: [8] Undefined variable: where C:\xampp\htdocs\house\Admin\Controller\IndexController.class.php 第 20 行.
SQL: SELECT COUNT(*) AS tp_count FROM `house` LIMIT 1   [ RunTime:0.0003s ]
NOTIC: [8] Undefined variable: where C:\xampp\htdocs\house\Admin\Controller\IndexController.class.php 第 24 行.
SQL: SELECT `id`,`bt`,`hx`,`mj`,`sj`,`lx`,`fbsj`,`fwtp`,`stat` FROM `house` ORDER BY id desc LIMIT 0,5   [ RunTime:0.0003s ]
INFO: [ view_parse ] --START--
INFO: [ template_filter ] --START--
INFO: Run Behavior\ContentReplaceBehavior [ RunTime:0.000097s ]
INFO: [ template_filter ] --END-- [ RunTime:0.000151s ]
INFO: Run Behavior\ParseTemplateBehavior [ RunTime:0.013426s ]
INFO: [ view_parse ] --END-- [ RunTime:0.013474s ]
INFO: [ view_filter ] --START--
INFO: Run Behavior\WriteHtmlCacheBehavior [ RunTime:0.000899s ]
INFO: [ view_filter ] --END-- [ RunTime:0.000946s ]
INFO: [ app_end ] --START--
INFO: Run Behavior\ShowPageTraceBehavior [ RunTime:0.001758s ]
INFO: [ app_end ] --END-- [ RunTime:0.001840s ]

[ 2016-09-13T14:29:21+08:00 ] ::1 /house/index.php/Admin/Index/index.html
INFO: [ app_init ] --START--
INFO: Run Behavior\BuildLiteBehavior [ RunTime:0.000012s ]
INFO: [ app_init ] --END-- [ RunTime:0.000378s ]
INFO: [ app_begin ] --START--
INFO: Run Behavior\ReadHtmlCacheBehavior [ RunTime:0.000933s ]
INFO: [ app_begin ] --END-- [ RunTime:0.000983s ]
SQL: SHOW COLUMNS FROM `house` [ RunTime:0.0069s ]
NOTIC: [8] Undefined variable: where C:\xampp\htdocs\house\Admin\Controller\IndexController.class.php 第 20 行.
SQL: SELECT COUNT(*) AS tp_count FROM `house` LIMIT 1   [ RunTime:0.0003s ]
NOTIC: [8] Undefined variable: where C:\xampp\htdocs\house\Admin\Controller\IndexController.class.php 第 24 行.
SQL: SELECT `id`,`bt`,`hx`,`mj`,`sj`,`lx`,`fbsj`,`fwtp`,`stat` FROM `house` ORDER BY id desc LIMIT 0,5   [ RunTime:0.0004s ]
INFO: [ view_parse ] --START--
INFO: [ template_filter ] --START--
INFO: Run Behavior\ContentReplaceBehavior [ RunTime:0.000101s ]
INFO: [ template_filter ] --END-- [ RunTime:0.000153s ]
INFO: Run Behavior\ParseTemplateBehavior [ RunTime:0.012668s ]
INFO: [ view_parse ] --END-- [ RunTime:0.012719s ]
INFO: [ view_filter ] --START--
INFO: Run Behavior\WriteHtmlCacheBehavior [ RunTime:0.000662s ]
INFO: [ view_filter ] --END-- [ RunTime:0.000703s ]
INFO: [ app_end ] --START--
INFO: Run Behavior\ShowPageTraceBehavior [ RunTime:0.001210s ]
INFO: [ app_end ] --END-- [ RunTime:0.001282s ]

[ 2016-09-13T14:30:13+08:00 ] ::1 /house/index.php/Admin/Index/index.html
INFO: [ app_init ] --START--
INFO: Run Behavior\BuildLiteBehavior [ RunTime:0.000014s ]
INFO: [ app_init ] --END-- [ RunTime:0.000396s ]
INFO: [ app_begin ] --START--
INFO: Run Behavior\ReadHtmlCacheBehavior [ RunTime:0.000548s ]
INFO: [ app_begin ] --END-- [ RunTime:0.000602s ]
SQL: SHOW COLUMNS FROM `house` [ RunTime:0.0058s ]
NOTIC: [8] Undefined variable: where C:\xampp\htdocs\house\Admin\Controller\IndexController.class.php 第 20 行.
SQL: SELECT COUNT(*) AS tp_count FROM `house` LIMIT 1   [ RunTime:0.0004s ]
NOTIC: [8] Undefined variable: where C:\xampp\htdocs\house\Admin\Controller\IndexController.class.php 第 24 行.
SQL: SELECT `id`,`bt`,`hx`,`mj`,`sj`,`lx`,`fbsj`,`fwtp`,`stat` FROM `house` ORDER BY id desc LIMIT 0,5   [ RunTime:0.0005s ]
INFO: [ view_parse ] --START--
INFO: [ template_filter ] --START--
INFO: Run Behavior\ContentReplaceBehavior [ RunTime:0.000096s ]
INFO: [ template_filter ] --END-- [ RunTime:0.000144s ]
INFO: Run Behavior\ParseTemplateBehavior [ RunTime:0.010218s ]
INFO: [ view_parse ] --END-- [ RunTime:0.010274s ]
INFO: [ view_filter ] --START--
INFO: Run Behavior\WriteHtmlCacheBehavior [ RunTime:0.000274s ]
INFO: [ view_filter ] --END-- [ RunTime:0.000309s ]
INFO: [ app_end ] --START--
INFO: Run Behavior\ShowPageTraceBehavior [ RunTime:0.000504s ]
INFO: [ app_end ] --END-- [ RunTime:0.000551s ]

[ 2016-09-13T14:30:47+08:00 ] ::1 /house/index.php/Admin/Index/index.html
INFO: [ app_init ] --START--
INFO: Run Behavior\BuildLiteBehavior [ RunTime:0.000012s ]
INFO: [ app_init ] --END-- [ RunTime:0.000309s ]
INFO: [ app_begin ] --START--
INFO: Run Behavior\ReadHtmlCacheBehavior [ RunTime:0.000435s ]
INFO: [ app_begin ] --END-- [ RunTime:0.000474s ]
SQL: SHOW COLUMNS FROM `house` [ RunTime:0.0052s ]
NOTIC: [8] Undefined variable: where C:\xampp\htdocs\house\Admin\Controller\IndexController.class.php 第 20 行.
SQL: SELECT COUNT(*) AS tp_count FROM `house` LIMIT 1   [ RunTime:0.0003s ]
NOTIC: [8] Undefined variable: where C:\xampp\htdocs\house\Admin\Controller\IndexController.class.php 第 24 行.
SQL: SELECT `id`,`bt`,`hx`,`mj`,`sj`,`lx`,`fbsj`,`fwtp`,`stat` FROM `house` ORDER BY id desc LIMIT 0,5   [ RunTime:0.0003s ]
INFO: [ view_parse ] --START--
INFO: [ template_filter ] --START--
INFO: Run Behavior\ContentReplaceBehavior [ RunTime:0.000138s ]
INFO: [ template_filter ] --END-- [ RunTime:0.000190s ]
INFO: Run Behavior\ParseTemplateBehavior [ RunTime:0.010582s ]
INFO: [ view_parse ] --END-- [ RunTime:0.010637s ]
INFO: [ view_filter ] --START--
INFO: Run Behavior\WriteHtmlCacheBehavior [ RunTime:0.000332s ]
INFO: [ view_filter ] --END-- [ RunTime:0.000374s ]
INFO: [ app_end ] --START--
INFO: Run Behavior\ShowPageTraceBehavior [ RunTime:0.000736s ]
INFO: [ app_end ] --END-- [ RunTime:0.000822s ]

[ 2016-09-13T14:31:23+08:00 ] ::1 /house/index.php/Admin/Index/index.html
INFO: [ app_init ] --START--
INFO: Run Behavior\BuildLiteBehavior [ RunTime:0.000015s ]
INFO: [ app_init ] --END-- [ RunTime:0.000508s ]
INFO: [ app_begin ] --START--
INFO: Run Behavior\ReadHtmlCacheBehavior [ RunTime:0.001536s ]
INFO: [ app_begin ] --END-- [ RunTime:0.001628s ]
SQL: SHOW COLUMNS FROM `house` [ RunTime:0.0062s ]
NOTIC: [8] Undefined variable: where C:\xampp\htdocs\house\Admin\Controller\IndexController.class.php 第 20 行.
SQL: SELECT COUNT(*) AS tp_count FROM `house` LIMIT 1   [ RunTime:0.0002s ]
NOTIC: [8] Undefined variable: where C:\xampp\htdocs\house\Admin\Controller\IndexController.class.php 第 24 行.
SQL: SELECT `id`,`bt`,`hx`,`mj`,`sj`,`lx`,`fbsj`,`fwtp`,`stat` FROM `house` ORDER BY id desc LIMIT 0,5   [ RunTime:0.0004s ]
INFO: [ view_parse ] --START--
INFO: [ template_filter ] --START--
INFO: Run Behavior\ContentReplaceBehavior [ RunTime:0.000100s ]
INFO: [ template_filter ] --END-- [ RunTime:0.000153s ]
INFO: Run Behavior\ParseTemplateBehavior [ RunTime:0.012382s ]
INFO: [ view_parse ] --END-- [ RunTime:0.012434s ]
INFO: [ view_filter ] --START--
INFO: Run Behavior\WriteHtmlCacheBehavior [ RunTime:0.000631s ]
INFO: [ view_filter ] --END-- [ RunTime:0.000668s ]
INFO: [ app_end ] --START--
INFO: Run Behavior\ShowPageTraceBehavior [ RunTime:0.001079s ]
INFO: [ app_end ] --END-- [ RunTime:0.001138s ]

[ 2016-09-13T14:31:28+08:00 ] ::1 /house/index.php/Admin/Index/stat/id/12/pnow/1/stat/1
INFO: [ app_init ] --START--
INFO: Run Behavior\BuildLiteBehavior [ RunTime:0.000012s ]
INFO: [ app_init ] --END-- [ RunTime:0.000398s ]
INFO: [ app_begin ] --START--
INFO: Run Behavior\ReadHtmlCacheBehavior [ RunTime:0.000636s ]
INFO: [ app_begin ] --END-- [ RunTime:0.000679s ]
SQL: SHOW COLUMNS FROM `house` [ RunTime:0.0069s ]
SQL: UPDATE `house` SET `stat`='0' WHERE ( id=12 ) [ RunTime:0.0005s ]

[ 2016-09-13T14:31:28+08:00 ] ::1 /house/index.php/Admin/Index/index/pnow/1.html
INFO: [ app_init ] --START--
INFO: Run Behavior\BuildLiteBehavior [ RunTime:0.000011s ]
INFO: [ app_init ] --END-- [ RunTime:0.000300s ]
INFO: [ app_begin ] --START--
INFO: Run Behavior\ReadHtmlCacheBehavior [ RunTime:0.000462s ]
INFO: [ app_begin ] --END-- [ RunTime:0.000503s ]
SQL: SHOW COLUMNS FROM `house` [ RunTime:0.0056s ]
NOTIC: [8] Undefined variable: where C:\xampp\htdocs\house\Admin\Controller\IndexController.class.php 第 20 行.
SQL: SELECT COUNT(*) AS tp_count FROM `house` LIMIT 1   [ RunTime:0.0004s ]
NOTIC: [8] Undefined variable: where C:\xampp\htdocs\house\Admin\Controller\IndexController.class.php 第 24 行.
SQL: SELECT `id`,`bt`,`hx`,`mj`,`sj`,`lx`,`fbsj`,`fwtp`,`stat` FROM `house` ORDER BY id desc LIMIT 0,5   [ RunTime:0.0003s ]
INFO: [ view_parse ] --START--
INFO: [ template_filter ] --START--
INFO: Run Behavior\ContentReplaceBehavior [ RunTime:0.000100s ]
INFO: [ template_filter ] --END-- [ RunTime:0.000152s ]
INFO: Run Behavior\ParseTemplateBehavior [ RunTime:0.011540s ]
INFO: [ view_parse ] --END-- [ RunTime:0.011596s ]
INFO: [ view_filter ] --START--
INFO: Run Behavior\WriteHtmlCacheBehavior [ RunTime:0.000468s ]
INFO: [ view_filter ] --END-- [ RunTime:0.000506s ]
INFO: [ app_end ] --START--
INFO: Run Behavior\ShowPageTraceBehavior [ RunTime:0.000649s ]
INFO: [ app_end ] --END-- [ RunTime:0.000691s ]

[ 2016-09-13T14:31:30+08:00 ] ::1 /house/index.php/Admin/Index/stat/id/12/pnow/1/stat/0
INFO: [ app_init ] --START--
INFO: Run Behavior\BuildLiteBehavior [ RunTime:0.000012s ]
INFO: [ app_init ] --END-- [ RunTime:0.000309s ]
INFO: [ app_begin ] --START--
INFO: Run Behavior\ReadHtmlCacheBehavior [ RunTime:0.000460s ]
INFO: [ app_begin ] --END-- [ RunTime:0.000504s ]
SQL: SHOW COLUMNS FROM `house` [ RunTime:0.0069s ]
SQL: UPDATE `house` SET `stat`='1' WHERE ( id=12 ) [ RunTime:0.0005s ]

[ 2016-09-13T14:31:30+08:00 ] ::1 /house/index.php/Admin/Index/index/pnow/1.html
INFO: [ app_init ] --START--
INFO: Run Behavior\BuildLiteBehavior [ RunTime:0.000012s ]
INFO: [ app_init ] --END-- [ RunTime:0.000301s ]
INFO: [ app_begin ] --START--
INFO: Run Behavior\ReadHtmlCacheBehavior [ RunTime:0.000450s ]
INFO: [ app_begin ] --END-- [ RunTime:0.000492s ]
SQL: SHOW COLUMNS FROM `house` [ RunTime:0.0057s ]
NOTIC: [8] Undefined variable: where C:\xampp\htdocs\house\Admin\Controller\IndexController.class.php 第 20 行.
SQL: SELECT COUNT(*) AS tp_count FROM `house` LIMIT 1   [ RunTime:0.0004s ]
NOTIC: [8] Undefined variable: where C:\xampp\htdocs\house\Admin\Controller\IndexController.class.php 第 24 行.
SQL: SELECT `id`,`bt`,`hx`,`mj`,`sj`,`lx`,`fbsj`,`fwtp`,`stat` FROM `house` ORDER BY id desc LIMIT 0,5   [ RunTime:0.0003s ]
INFO: [ view_parse ] --START--
INFO: [ template_filter ] --START--
INFO: Run Behavior\ContentReplaceBehavior [ RunTime:0.000098s ]
INFO: [ template_filter ] --END-- [ RunTime:0.000144s ]
INFO: Run Behavior\ParseTemplateBehavior [ RunTime:0.009853s ]
INFO: [ view_parse ] --END-- [ RunTime:0.009912s ]
INFO: [ view_filter ] --START--
INFO: Run Behavior\WriteHtmlCacheBehavior [ RunTime:0.000326s ]
INFO: [ view_filter ] --END-- [ RunTime:0.000374s ]
INFO: [ app_end ] --START--
INFO: Run Behavior\ShowPageTraceBehavior [ RunTime:0.000800s ]
INFO: [ app_end ] --END-- [ RunTime:0.000881s ]

[ 2016-09-13T14:31:35+08:00 ] ::1 /house/index.php/Admin/Index/index.html
INFO: [ app_init ] --START--
INFO: Run Behavior\BuildLiteBehavior [ RunTime:0.000013s ]
INFO: [ app_init ] --END-- [ RunTime:0.000299s ]
INFO: [ app_begin ] --START--
INFO: Run Behavior\ReadHtmlCacheBehavior [ RunTime:0.000502s ]
INFO: [ app_begin ] --END-- [ RunTime:0.000544s ]
SQL: SHOW COLUMNS FROM `house` [ RunTime:0.0073s ]
NOTIC: [8] Undefined variable: where C:\xampp\htdocs\house\Admin\Controller\IndexController.class.php 第 20 行.
SQL: SELECT COUNT(*) AS tp_count FROM `house` LIMIT 1   [ RunTime:0.0003s ]
NOTIC: [8] Undefined variable: where C:\xampp\htdocs\house\Admin\Controller\IndexController.class.php 第 24 行.
SQL: SELECT `id`,`bt`,`hx`,`mj`,`sj`,`lx`,`fbsj`,`fwtp`,`stat` FROM `house` ORDER BY id desc LIMIT 0,5   [ RunTime:0.0003s ]
INFO: [ view_parse ] --START--
INFO: [ template_filter ] --START--
INFO: Run Behavior\ContentReplaceBehavior [ RunTime:0.000103s ]
INFO: [ template_filter ] --END-- [ RunTime:0.000159s ]
INFO: Run Behavior\ParseTemplateBehavior [ RunTime:0.011943s ]
INFO: [ view_parse ] --END-- [ RunTime:0.011994s ]
INFO: [ view_filter ] --START--
INFO: Run Behavior\WriteHtmlCacheBehavior [ RunTime:0.000383s ]
INFO: [ view_filter ] --END-- [ RunTime:0.000420s ]
INFO: [ app_end ] --START--
INFO: Run Behavior\ShowPageTraceBehavior [ RunTime:0.000579s ]
INFO: [ app_end ] --END-- [ RunTime:0.000618s ]

[ 2016-09-13T14:31:45+08:00 ] ::1 /house/index.php/Admin/Index/index.html
INFO: [ app_init ] --START--
INFO: Run Behavior\BuildLiteBehavior [ RunTime:0.000015s ]
INFO: [ app_init ] --END-- [ RunTime:0.000378s ]
INFO: [ app_begin ] --START--
INFO: Run Behavior\ReadHtmlCacheBehavior [ RunTime:0.000541s ]
INFO: [ app_begin ] --END-- [ RunTime:0.000591s ]
SQL: SHOW COLUMNS FROM `house` [ RunTime:0.0074s ]
NOTIC: [8] Undefined variable: where C:\xampp\htdocs\house\Admin\Controller\IndexController.class.php 第 20 行.
SQL: SELECT COUNT(*) AS tp_count FROM `house` LIMIT 1   [ RunTime:0.0003s ]
NOTIC: [8] Undefined variable: where C:\xampp\htdocs\house\Admin\Controller\IndexController.class.php 第 24 行.
SQL: SELECT `id`,`bt`,`hx`,`mj`,`sj`,`lx`,`fbsj`,`fwtp`,`stat` FROM `house` ORDER BY id desc LIMIT 0,5   [ RunTime:0.0004s ]
INFO: [ view_parse ] --START--
INFO: [ template_filter ] --START--
INFO: Run Behavior\ContentReplaceBehavior [ RunTime:0.000100s ]
INFO: [ template_filter ] --END-- [ RunTime:0.000157s ]
INFO: Run Behavior\ParseTemplateBehavior [ RunTime:0.010178s ]
INFO: [ view_parse ] --END-- [ RunTime:0.010232s ]
INFO: [ view_filter ] --START--
INFO: Run Behavior\WriteHtmlCacheBehavior [ RunTime:0.000285s ]
INFO: [ view_filter ] --END-- [ RunTime:0.000326s ]
INFO: [ app_end ] --START--
INFO: Run Behavior\ShowPageTraceBehavior [ RunTime:0.000490s ]
INFO: [ app_end ] --END-- [ RunTime:0.000538s ]

[ 2016-09-13T14:31:59+08:00 ] ::1 /house/index.php/Admin/Index/stat/id/10/pnow/1/stat/1
INFO: [ app_init ] --START--
INFO: Run Behavior\BuildLiteBehavior [ RunTime:0.000013s ]
INFO: [ app_init ] --END-- [ RunTime:0.000364s ]
INFO: [ app_begin ] --START--
INFO: Run Behavior\ReadHtmlCacheBehavior [ RunTime:0.000831s ]
INFO: [ app_begin ] --END-- [ RunTime:0.000874s ]
SQL: SHOW COLUMNS FROM `house` [ RunTime:0.0062s ]
SQL: UPDATE `house` SET `stat`='0' WHERE ( id=10 ) [ RunTime:0.0005s ]

[ 2016-09-13T14:31:59+08:00 ] ::1 /house/index.php/Admin/Index/index/pnow/1.html
INFO: [ app_init ] --START--
INFO: Run Behavior\BuildLiteBehavior [ RunTime:0.000012s ]
INFO: [ app_init ] --END-- [ RunTime:0.000391s ]
INFO: [ app_begin ] --START--
INFO: Run Behavior\ReadHtmlCacheBehavior [ RunTime:0.000918s ]
INFO: [ app_begin ] --END-- [ RunTime:0.000965s ]
SQL: SHOW COLUMNS FROM `house` [ RunTime:0.0053s ]
NOTIC: [8] Undefined variable: where C:\xampp\htdocs\house\Admin\Controller\IndexController.class.php 第 20 行.
SQL: SELECT COUNT(*) AS tp_count FROM `house` LIMIT 1   [ RunTime:0.0003s ]
NOTIC: [8] Undefined variable: where C:\xampp\htdocs\house\Admin\Controller\IndexController.class.php 第 24 行.
SQL: SELECT `id`,`bt`,`hx`,`mj`,`sj`,`lx`,`fbsj`,`fwtp`,`stat` FROM `house` ORDER BY id desc LIMIT 0,5   [ RunTime:0.0004s ]
INFO: [ view_parse ] --START--
INFO: [ template_filter ] --START--
INFO: Run Behavior\ContentReplaceBehavior [ RunTime:0.000116s ]
INFO: [ template_filter ] --END-- [ RunTime:0.000196s ]
INFO: Run Behavior\ParseTemplateBehavior [ RunTime:0.012505s ]
INFO: [ view_parse ] --END-- [ RunTime:0.012562s ]
INFO: [ view_filter ] --START--
INFO: Run Behavior\WriteHtmlCacheBehavior [ RunTime:0.000667s ]
INFO: [ view_filter ] --END-- [ RunTime:0.000704s ]
INFO: [ app_end ] --START--
INFO: Run Behavior\ShowPageTraceBehavior [ RunTime:0.001484s ]
INFO: [ app_end ] --END-- [ RunTime:0.001638s ]

[ 2016-09-13T14:32:01+08:00 ] ::1 /house/index.php/Admin/Index/stat/id/10/pnow/1/stat/0
INFO: [ app_init ] --START--
INFO: Run Behavior\BuildLiteBehavior [ RunTime:0.000021s ]
INFO: [ app_init ] --END-- [ RunTime:0.000586s ]
INFO: [ app_begin ] --START--
INFO: Run Behavior\ReadHtmlCacheBehavior [ RunTime:0.000829s ]
INFO: [ app_begin ] --END-- [ RunTime:0.000875s ]
SQL: SHOW COLUMNS FROM `house` [ RunTime:0.0062s ]
SQL: UPDATE `house` SET `stat`='1' WHERE ( id=10 ) [ RunTime:0.0003s ]

[ 2016-09-13T14:32:01+08:00 ] ::1 /house/index.php/Admin/Index/index/pnow/1.html
INFO: [ app_init ] --START--
INFO: Run Behavior\BuildLiteBehavior [ RunTime:0.000011s ]
INFO: [ app_init ] --END-- [ RunTime:0.000350s ]
INFO: [ app_begin ] --START--
INFO: Run Behavior\ReadHtmlCacheBehavior [ RunTime:0.001311s ]
INFO: [ app_begin ] --END-- [ RunTime:0.001397s ]
SQL: SHOW COLUMNS FROM `house` [ RunTime:0.0069s ]
NOTIC: [8] Undefined variable: where C:\xampp\htdocs\house\Admin\Controller\IndexController.class.php 第 20 行.
SQL: SELECT COUNT(*) AS tp_count FROM `house` LIMIT 1   [ RunTime:0.0002s ]
NOTIC: [8] Undefined variable: where C:\xampp\htdocs\house\Admin\Controller\IndexController.class.php 第 24 行.
SQL: SELECT `id`,`bt`,`hx`,`mj`,`sj`,`lx`,`fbsj`,`fwtp`,`stat` FROM `house` ORDER BY id desc LIMIT 0,5   [ RunTime:0.0003s ]
INFO: [ view_parse ] --START--
INFO: [ template_filter ] --START--
INFO: Run Behavior\ContentReplaceBehavior [ RunTime:0.000132s ]
INFO: [ template_filter ] --END-- [ RunTime:0.000271s ]
INFO: Run Behavior\ParseTemplateBehavior [ RunTime:0.012984s ]
INFO: [ view_parse ] --END-- [ RunTime:0.013043s ]
INFO: [ view_filter ] --START--
INFO: Run Behavior\WriteHtmlCacheBehavior [ RunTime:0.001249s ]
INFO: [ view_filter ] --END-- [ RunTime:0.001327s ]
INFO: [ app_end ] --START--
INFO: Run Behavior\ShowPageTraceBehavior [ RunTime:0.001714s ]
INFO: [ app_end ] --END-- [ RunTime:0.001776s ]

[ 2016-09-13T14:33:00+08:00 ] ::1 /house/index.php/Admin/Index/index/pnow/1.html
INFO: [ app_init ] --START--
INFO: Run Behavior\BuildLiteBehavior [ RunTime:0.000012s ]
INFO: [ app_init ] --END-- [ RunTime:0.000403s ]
INFO: [ app_begin ] --START--
INFO: Run Behavior\ReadHtmlCacheBehavior [ RunTime:0.000904s ]
INFO: [ app_begin ] --END-- [ RunTime:0.000958s ]
SQL: SHOW COLUMNS FROM `house` [ RunTime:0.0063s ]
NOTIC: [8] Undefined variable: where C:\xampp\htdocs\house\Admin\Controller\IndexController.class.php 第 20 行.
SQL: SELECT COUNT(*) AS tp_count FROM `house` LIMIT 1   [ RunTime:0.0003s ]
NOTIC: [8] Undefined variable: where C:\xampp\htdocs\house\Admin\Controller\IndexController.class.php 第 24 行.
SQL: SELECT `id`,`bt`,`hx`,`mj`,`sj`,`lx`,`fbsj`,`fwtp`,`stat` FROM `house` ORDER BY id desc LIMIT 0,5   [ RunTime:0.0005s ]
INFO: [ view_parse ] --START--
INFO: [ template_filter ] --START--
INFO: Run Behavior\ContentReplaceBehavior [ RunTime:0.000102s ]
INFO: [ template_filter ] --END-- [ RunTime:0.000166s ]
INFO: Run Behavior\ParseTemplateBehavior [ RunTime:0.012827s ]
INFO: [ view_parse ] --END-- [ RunTime:0.012891s ]
INFO: [ view_filter ] --START--
INFO: Run Behavior\WriteHtmlCacheBehavior [ RunTime:0.000680s ]
INFO: [ view_filter ] --END-- [ RunTime:0.000718s ]
INFO: [ app_end ] --START--
INFO: Run Behavior\ShowPageTraceBehavior [ RunTime:0.000949s ]
INFO: [ app_end ] --END-- [ RunTime:0.001000s ]

[ 2016-09-13T14:33:35+08:00 ] ::1 /house/index.php/Admin/Index/index/pnow/1.html
INFO: [ app_init ] --START--
INFO: Run Behavior\BuildLiteBehavior [ RunTime:0.000028s ]
INFO: [ app_init ] --END-- [ RunTime:0.000755s ]
INFO: [ app_begin ] --START--
INFO: Run Behavior\ReadHtmlCacheBehavior [ RunTime:0.001350s ]
INFO: [ app_begin ] --END-- [ RunTime:0.001441s ]
SQL: SHOW COLUMNS FROM `house` [ RunTime:0.0070s ]
NOTIC: [8] Undefined variable: where C:\xampp\htdocs\house\Admin\Controller\IndexController.class.php 第 20 行.
SQL: SELECT COUNT(*) AS tp_count FROM `house` LIMIT 1   [ RunTime:0.0003s ]
NOTIC: [8] Undefined variable: where C:\xampp\htdocs\house\Admin\Controller\IndexController.class.php 第 24 行.
SQL: SELECT `id`,`bt`,`hx`,`mj`,`sj`,`lx`,`fbsj`,`fwtp`,`stat` FROM `house` ORDER BY id desc LIMIT 0,5   [ RunTime:0.0003s ]
INFO: [ view_parse ] --START--
INFO: [ template_filter ] --START--
INFO: Run Behavior\ContentReplaceBehavior [ RunTime:0.000099s ]
INFO: [ template_filter ] --END-- [ RunTime:0.000148s ]
INFO: Run Behavior\ParseTemplateBehavior [ RunTime:0.010153s ]
INFO: [ view_parse ] --END-- [ RunTime:0.010204s ]
INFO: [ view_filter ] --START--
INFO: Run Behavior\WriteHtmlCacheBehavior [ RunTime:0.000286s ]
INFO: [ view_filter ] --END-- [ RunTime:0.000324s ]
INFO: [ app_end ] --START--
INFO: Run Behavior\ShowPageTraceBehavior [ RunTime:0.000456s ]
INFO: [ app_end ] --END-- [ RunTime:0.000496s ]

[ 2016-09-13T14:33:37+08:00 ] ::1 /house/index.php/Admin/Index/index/pnow/1.html
INFO: [ app_init ] --START--
INFO: Run Behavior\BuildLiteBehavior [ RunTime:0.000016s ]
INFO: [ app_init ] --END-- [ RunTime:0.000548s ]
INFO: [ app_begin ] --START--
INFO: Run Behavior\ReadHtmlCacheBehavior [ RunTime:0.000896s ]
INFO: [ app_begin ] --END-- [ RunTime:0.000952s ]
SQL: SHOW COLUMNS FROM `house` [ RunTime:0.0061s ]
NOTIC: [8] Undefined variable: where C:\xampp\htdocs\house\Admin\Controller\IndexController.class.php 第 20 行.
SQL: SELECT COUNT(*) AS tp_count FROM `house` LIMIT 1   [ RunTime:0.0003s ]
NOTIC: [8] Undefined variable: where C:\xampp\htdocs\house\Admin\Controller\IndexController.class.php 第 24 行.
SQL: SELECT `id`,`bt`,`hx`,`mj`,`sj`,`lx`,`fbsj`,`fwtp`,`stat` FROM `house` ORDER BY id desc LIMIT 0,5   [ RunTime:0.0005s ]
INFO: [ view_parse ] --START--
INFO: [ template_filter ] --START--
INFO: Run Behavior\ContentReplaceBehavior [ RunTime:0.000098s ]
INFO: [ template_filter ] --END-- [ RunTime:0.000149s ]
INFO: Run Behavior\ParseTemplateBehavior [ RunTime:0.011958s ]
INFO: [ view_parse ] --END-- [ RunTime:0.012020s ]
INFO: [ view_filter ] --START--
INFO: Run Behavior\WriteHtmlCacheBehavior [ RunTime:0.000896s ]
INFO: [ view_filter ] --END-- [ RunTime:0.000945s ]
INFO: [ app_end ] --START--
INFO: Run Behavior\ShowPageTraceBehavior [ RunTime:0.000976s ]
INFO: [ app_end ] --END-- [ RunTime:0.001028s ]

[ 2016-09-13T14:33:37+08:00 ] ::1 /house/index.php/Admin/Index/index/pnow/1.html
INFO: [ app_init ] --START--
INFO: Run Behavior\BuildLiteBehavior [ RunTime:0.000015s ]
INFO: [ app_init ] --END-- [ RunTime:0.000486s ]
INFO: [ app_begin ] --START--
INFO: Run Behavior\ReadHtmlCacheBehavior [ RunTime:0.000771s ]
INFO: [ app_begin ] --END-- [ RunTime:0.000822s ]
SQL: SHOW COLUMNS FROM `house` [ RunTime:0.0059s ]
NOTIC: [8] Undefined variable: where C:\xampp\htdocs\house\Admin\Controller\IndexController.class.php 第 20 行.
SQL: SELECT COUNT(*) AS tp_count FROM `house` LIMIT 1   [ RunTime:0.0002s ]
NOTIC: [8] Undefined variable: where C:\xampp\htdocs\house\Admin\Controller\IndexController.class.php 第 24 行.
SQL: SELECT `id`,`bt`,`hx`,`mj`,`sj`,`lx`,`fbsj`,`fwtp`,`stat` FROM `house` ORDER BY id desc LIMIT 0,5   [ RunTime:0.0003s ]
INFO: [ view_parse ] --START--
INFO: [ template_filter ] --START--
INFO: Run Behavior\ContentReplaceBehavior [ RunTime:0.000100s ]
INFO: [ template_filter ] --END-- [ RunTime:0.000159s ]
INFO: Run Behavior\ParseTemplateBehavior [ RunTime:0.011414s ]
INFO: [ view_parse ] --END-- [ RunTime:0.011477s ]
INFO: [ view_filter ] --START--
INFO: Run Behavior\WriteHtmlCacheBehavior [ RunTime:0.000630s ]
INFO: [ view_filter ] --END-- [ RunTime:0.000696s ]
INFO: [ app_end ] --START--
INFO: Run Behavior\ShowPageTraceBehavior [ RunTime:0.000993s ]
INFO: [ app_end ] --END-- [ RunTime:0.001058s ]

[ 2016-09-13T14:34:05+08:00 ] ::1 /house/index.php/Admin/Index/index/pnow/1.html
INFO: [ app_init ] --START--
INFO: Run Behavior\BuildLiteBehavior [ RunTime:0.000013s ]
INFO: [ app_init ] --END-- [ RunTime:0.000380s ]
INFO: [ app_begin ] --START--
INFO: Run Behavior\ReadHtmlCacheBehavior [ RunTime:0.000853s ]
INFO: [ app_begin ] --END-- [ RunTime:0.000896s ]
SQL: SHOW COLUMNS FROM `house` [ RunTime:0.0070s ]
NOTIC: [8] Undefined variable: where C:\xampp\htdocs\house\Admin\Controller\IndexController.class.php 第 20 行.
SQL: SELECT COUNT(*) AS tp_count FROM `house` LIMIT 1   [ RunTime:0.0003s ]
NOTIC: [8] Undefined variable: where C:\xampp\htdocs\house\Admin\Controller\IndexController.class.php 第 24 行.
SQL: SELECT `id`,`bt`,`hx`,`mj`,`sj`,`lx`,`fbsj`,`fwtp`,`stat` FROM `house` ORDER BY id desc LIMIT 0,5   [ RunTime:0.0003s ]
INFO: [ view_parse ] --START--
INFO: [ template_filter ] --START--
INFO: Run Behavior\ContentReplaceBehavior [ RunTime:0.000119s ]
INFO: [ template_filter ] --END-- [ RunTime:0.000172s ]
INFO: Run Behavior\ParseTemplateBehavior [ RunTime:0.011964s ]
INFO: [ view_parse ] --END-- [ RunTime:0.012024s ]
INFO: [ view_filter ] --START--
INFO: Run Behavior\WriteHtmlCacheBehavior [ RunTime:0.000820s ]
INFO: [ view_filter ] --END-- [ RunTime:0.000866s ]
INFO: [ app_end ] --START--
INFO: Run Behavior\ShowPageTraceBehavior [ RunTime:0.001076s ]
INFO: [ app_end ] --END-- [ RunTime:0.001132s ]

[ 2016-09-13T14:34:13+08:00 ] ::1 /house/index.php/Admin/Index/index/pnow/1.html
INFO: [ app_init ] --START--
INFO: Run Behavior\BuildLiteBehavior [ RunTime:0.000015s ]
INFO: [ app_init ] --END-- [ RunTime:0.000478s ]
INFO: [ app_begin ] --START--
INFO: Run Behavior\ReadHtmlCacheBehavior [ RunTime:0.000831s ]
INFO: [ app_begin ] --END-- [ RunTime:0.000899s ]
SQL: SHOW COLUMNS FROM `house` [ RunTime:0.0071s ]
NOTIC: [8] Undefined variable: where C:\xampp\htdocs\house\Admin\Controller\IndexController.class.php 第 20 行.
SQL: SELECT COUNT(*) AS tp_count FROM `house` LIMIT 1   [ RunTime:0.0003s ]
NOTIC: [8] Undefined variable: where C:\xampp\htdocs\house\Admin\Controller\IndexController.class.php 第 24 行.
SQL: SELECT `id`,`bt`,`hx`,`mj`,`sj`,`lx`,`fbsj`,`fwtp`,`stat` FROM `house` ORDER BY id desc LIMIT 0,5   [ RunTime:0.0003s ]
INFO: [ view_parse ] --START--
INFO: [ template_filter ] --START--
INFO: Run Behavior\ContentReplaceBehavior [ RunTime:0.000100s ]
INFO: [ template_filter ] --END-- [ RunTime:0.000153s ]
INFO: Run Behavior\ParseTemplateBehavior [ RunTime:0.011639s ]
INFO: [ view_parse ] --END-- [ RunTime:0.011695s ]
INFO: [ view_filter ] --START--
INFO: Run Behavior\WriteHtmlCacheBehavior [ RunTime:0.000728s ]
INFO: [ view_filter ] --END-- [ RunTime:0.000776s ]
INFO: [ app_end ] --START--
INFO: Run Behavior\ShowPageTraceBehavior [ RunTime:0.001098s ]
INFO: [ app_end ] --END-- [ RunTime:0.001164s ]

[ 2016-09-13T14:34:35+08:00 ] ::1 /house/index.php/Admin/Index/index/pnow/1.html
INFO: [ app_init ] --START--
INFO: Run Behavior\BuildLiteBehavior [ RunTime:0.000014s ]
INFO: [ app_init ] --END-- [ RunTime:0.000436s ]
INFO: [ app_begin ] --START--
INFO: Run Behavior\ReadHtmlCacheBehavior [ RunTime:0.001004s ]
INFO: [ app_begin ] --END-- [ RunTime:0.001058s ]
SQL: SHOW COLUMNS FROM `house` [ RunTime:0.0071s ]
NOTIC: [8] Undefined variable: where C:\xampp\htdocs\house\Admin\Controller\IndexController.class.php 第 20 行.
SQL: SELECT COUNT(*) AS tp_count FROM `house` LIMIT 1   [ RunTime:0.0002s ]
NOTIC: [8] Undefined variable: where C:\xampp\htdocs\house\Admin\Controller\IndexController.class.php 第 24 行.
SQL: SELECT `id`,`bt`,`hx`,`mj`,`sj`,`lx`,`fbsj`,`fwtp`,`stat` FROM `house` ORDER BY id desc LIMIT 0,5   [ RunTime:0.0003s ]
INFO: [ view_parse ] --START--
INFO: [ template_filter ] --START--
INFO: Run Behavior\ContentReplaceBehavior [ RunTime:0.000104s ]
INFO: [ template_filter ] --END-- [ RunTime:0.000173s ]
INFO: Run Behavior\ParseTemplateBehavior [ RunTime:0.012037s ]
INFO: [ view_parse ] --END-- [ RunTime:0.012094s ]
INFO: [ view_filter ] --START--
INFO: Run Behavior\WriteHtmlCacheBehavior [ RunTime:0.000678s ]
INFO: [ view_filter ] --END-- [ RunTime:0.000717s ]
INFO: [ app_end ] --START--
INFO: Run Behavior\ShowPageTraceBehavior [ RunTime:0.000867s ]
INFO: [ app_end ] --END-- [ RunTime:0.000914s ]

[ 2016-09-13T14:34:44+08:00 ] ::1 /house/index.php/Admin/Index/index/pnow/1.html
INFO: [ app_init ] --START--
INFO: Run Behavior\BuildLiteBehavior [ RunTime:0.000014s ]
INFO: [ app_init ] --END-- [ RunTime:0.000380s ]
INFO: [ app_begin ] --START--
INFO: Run Behavior\ReadHtmlCacheBehavior [ RunTime:0.000688s ]
INFO: [ app_begin ] --END-- [ RunTime:0.000762s ]
SQL: SHOW COLUMNS FROM `house` [ RunTime:0.0056s ]
NOTIC: [8] Undefined variable: where C:\xampp\htdocs\house\Admin\Controller\IndexController.class.php 第 20 行.
SQL: SELECT COUNT(*) AS tp_count FROM `house` LIMIT 1   [ RunTime:0.0003s ]
NOTIC: [8] Undefined variable: where C:\xampp\htdocs\house\Admin\Controller\IndexController.class.php 第 24 行.
SQL: SELECT `id`,`bt`,`hx`,`mj`,`sj`,`lx`,`fbsj`,`fwtp`,`stat` FROM `house` ORDER BY id desc LIMIT 0,5   [ RunTime:0.0005s ]
INFO: [ view_parse ] --START--
INFO: [ template_filter ] --START--
INFO: Run Behavior\ContentReplaceBehavior [ RunTime:0.000119s ]
INFO: [ template_filter ] --END-- [ RunTime:0.000169s ]
INFO: Run Behavior\ParseTemplateBehavior [ RunTime:0.010228s ]
INFO: [ view_parse ] --END-- [ RunTime:0.010337s ]
INFO: [ view_filter ] --START--
INFO: Run Behavior\WriteHtmlCacheBehavior [ RunTime:0.000327s ]
INFO: [ view_filter ] --END-- [ RunTime:0.000364s ]
INFO: [ app_end ] --START--
INFO: Run Behavior\ShowPageTraceBehavior [ RunTime:0.000610s ]
INFO: [ app_end ] --END-- [ RunTime:0.000660s ]

[ 2016-09-13T14:34:51+08:00 ] ::1 /house/index.php/Admin/Index/index/pnow/1.html
INFO: [ app_init ] --START--
INFO: Run Behavior\BuildLiteBehavior [ RunTime:0.000016s ]
INFO: [ app_init ] --END-- [ RunTime:0.000506s ]
INFO: [ app_begin ] --START--
INFO: Run Behavior\ReadHtmlCacheBehavior [ RunTime:0.001181s ]
INFO: [ app_begin ] --END-- [ RunTime:0.001242s ]
SQL: SHOW COLUMNS FROM `house` [ RunTime:0.0060s ]
NOTIC: [8] Undefined variable: where C:\xampp\htdocs\house\Admin\Controller\IndexController.class.php 第 20 行.
SQL: SELECT COUNT(*) AS tp_count FROM `house` LIMIT 1   [ RunTime:0.0003s ]
NOTIC: [8] Undefined variable: where C:\xampp\htdocs\house\Admin\Controller\IndexController.class.php 第 24 行.
SQL: SELECT `id`,`bt`,`hx`,`mj`,`sj`,`lx`,`fbsj`,`fwtp`,`stat` FROM `house` ORDER BY id desc LIMIT 0,5   [ RunTime:0.0005s ]
INFO: [ view_parse ] --START--
INFO: [ template_filter ] --START--
INFO: Run Behavior\ContentReplaceBehavior [ RunTime:0.000094s ]
INFO: [ template_filter ] --END-- [ RunTime:0.000145s ]
INFO: Run Behavior\ParseTemplateBehavior [ RunTime:0.011586s ]
INFO: [ view_parse ] --END-- [ RunTime:0.011638s ]
INFO: [ view_filter ] --START--
INFO: Run Behavior\WriteHtmlCacheBehavior [ RunTime:0.000637s ]
INFO: [ view_filter ] --END-- [ RunTime:0.000674s ]
INFO: [ app_end ] --START--
INFO: Run Behavior\ShowPageTraceBehavior [ RunTime:0.001012s ]
INFO: [ app_end ] --END-- [ RunTime:0.001086s ]

[ 2016-09-13T14:34:56+08:00 ] ::1 /house/index.php/Admin/Index/index/pnow/1.html
INFO: [ app_init ] --START--
INFO: Run Behavior\BuildLiteBehavior [ RunTime:0.000018s ]
INFO: [ app_init ] --END-- [ RunTime:0.000406s ]
INFO: [ app_begin ] --START--
INFO: Run Behavior\ReadHtmlCacheBehavior [ RunTime:0.000616s ]
INFO: [ app_begin ] --END-- [ RunTime:0.000671s ]
SQL: SHOW COLUMNS FROM `house` [ RunTime:0.0076s ]
NOTIC: [8] Undefined variable: where C:\xampp\htdocs\house\Admin\Controller\IndexController.class.php 第 20 行.
SQL: SELECT COUNT(*) AS tp_count FROM `house` LIMIT 1   [ RunTime:0.0003s ]
NOTIC: [8] Undefined variable: where C:\xampp\htdocs\house\Admin\Controller\IndexController.class.php 第 24 行.
SQL: SELECT `id`,`bt`,`hx`,`mj`,`sj`,`lx`,`fbsj`,`fwtp`,`stat` FROM `house` ORDER BY id desc LIMIT 0,5   [ RunTime:0.0003s ]
INFO: [ view_parse ] --START--
INFO: [ template_filter ] --START--
INFO: Run Behavior\ContentReplaceBehavior [ RunTime:0.000127s ]
INFO: [ template_filter ] --END-- [ RunTime:0.000182s ]
INFO: Run Behavior\ParseTemplateBehavior [ RunTime:0.010491s ]
INFO: [ view_parse ] --END-- [ RunTime:0.010543s ]
INFO: [ view_filter ] --START--
INFO: Run Behavior\WriteHtmlCacheBehavior [ RunTime:0.000278s ]
INFO: [ view_filter ] --END-- [ RunTime:0.000314s ]
INFO: [ app_end ] --START--
INFO: Run Behavior\ShowPageTraceBehavior [ RunTime:0.000496s ]
INFO: [ app_end ] --END-- [ RunTime:0.000545s ]

[ 2016-09-13T14:34:59+08:00 ] ::1 /house/index.php/Admin/Index/index/pnow/1.html
INFO: [ app_init ] --START--
INFO: Run Behavior\BuildLiteBehavior [ RunTime:0.000027s ]
INFO: [ app_init ] --END-- [ RunTime:0.000389s ]
INFO: [ app_begin ] --START--
INFO: Run Behavior\ReadHtmlCacheBehavior [ RunTime:0.000833s ]
INFO: [ app_begin ] --END-- [ RunTime:0.000877s ]
SQL: SHOW COLUMNS FROM `house` [ RunTime:0.0058s ]
NOTIC: [8] Undefined variable: where C:\xampp\htdocs\house\Admin\Controller\IndexController.class.php 第 20 行.
SQL: SELECT COUNT(*) AS tp_count FROM `house` LIMIT 1   [ RunTime:0.0003s ]
NOTIC: [8] Undefined variable: where C:\xampp\htdocs\house\Admin\Controller\IndexController.class.php 第 24 行.
SQL: SELECT `id`,`bt`,`hx`,`mj`,`sj`,`lx`,`fbsj`,`fwtp`,`stat` FROM `house` ORDER BY id desc LIMIT 0,5   [ RunTime:0.0003s ]
INFO: [ view_parse ] --START--
INFO: [ template_filter ] --START--
INFO: Run Behavior\ContentReplaceBehavior [ RunTime:0.000094s ]
INFO: [ template_filter ] --END-- [ RunTime:0.000149s ]
INFO: Run Behavior\ParseTemplateBehavior [ RunTime:0.011506s ]
INFO: [ view_parse ] --END-- [ RunTime:0.011562s ]
INFO: [ view_filter ] --START--
INFO: Run Behavior\WriteHtmlCacheBehavior [ RunTime:0.000597s ]
INFO: [ view_filter ] --END-- [ RunTime:0.000633s ]
INFO: [ app_end ] --START--
INFO: Run Behavior\ShowPageTraceBehavior [ RunTime:0.000871s ]
INFO: [ app_end ] --END-- [ RunTime:0.000918s ]

[ 2016-09-13T14:35:21+08:00 ] ::1 /house/index.php/Admin/Index/index/pnow/1.html
INFO: [ app_init ] --START--
INFO: Run Behavior\BuildLiteBehavior [ RunTime:0.000015s ]
INFO: [ app_init ] --END-- [ RunTime:0.000411s ]
INFO: [ app_begin ] --START--
INFO: Run Behavior\ReadHtmlCacheBehavior [ RunTime:0.000632s ]
INFO: [ app_begin ] --END-- [ RunTime:0.000690s ]
SQL: SHOW COLUMNS FROM `house` [ RunTime:0.0069s ]
NOTIC: [8] Undefined variable: where C:\xampp\htdocs\house\Admin\Controller\IndexController.class.php 第 20 行.
SQL: SELECT COUNT(*) AS tp_count FROM `house` LIMIT 1   [ RunTime:0.0003s ]
NOTIC: [8] Undefined variable: where C:\xampp\htdocs\house\Admin\Controller\IndexController.class.php 第 24 行.
SQL: SELECT `id`,`bt`,`hx`,`mj`,`sj`,`lx`,`fbsj`,`fwtp`,`stat` FROM `house` ORDER BY id desc LIMIT 0,5   [ RunTime:0.0003s ]
INFO: [ view_parse ] --START--
INFO: [ template_filter ] --START--
INFO: Run Behavior\ContentReplaceBehavior [ RunTime:0.000092s ]
INFO: [ template_filter ] --END-- [ RunTime:0.000141s ]
INFO: Run Behavior\ParseTemplateBehavior [ RunTime:0.009836s ]
INFO: [ view_parse ] --END-- [ RunTime:0.009886s ]
INFO: [ view_filter ] --START--
INFO: Run Behavior\WriteHtmlCacheBehavior [ RunTime:0.000265s ]
INFO: [ view_filter ] --END-- [ RunTime:0.000301s ]
INFO: [ app_end ] --START--
INFO: Run Behavior\ShowPageTraceBehavior [ RunTime:0.000469s ]
INFO: [ app_end ] --END-- [ RunTime:0.000508s ]

[ 2016-09-13T14:35:29+08:00 ] ::1 /house/index.php/Admin/Index/index/pnow/1.html
INFO: [ app_init ] --START--
INFO: Run Behavior\BuildLiteBehavior [ RunTime:0.000012s ]
INFO: [ app_init ] --END-- [ RunTime:0.000374s ]
INFO: [ app_begin ] --START--
INFO: Run Behavior\ReadHtmlCacheBehavior [ RunTime:0.000994s ]
INFO: [ app_begin ] --END-- [ RunTime:0.001045s ]
SQL: SHOW COLUMNS FROM `house` [ RunTime:0.0056s ]
NOTIC: [8] Undefined variable: where C:\xampp\htdocs\house\Admin\Controller\IndexController.class.php 第 20 行.
SQL: SELECT COUNT(*) AS tp_count FROM `house` LIMIT 1   [ RunTime:0.0004s ]
NOTIC: [8] Undefined variable: where C:\xampp\htdocs\house\Admin\Controller\IndexController.class.php 第 24 行.
SQL: SELECT `id`,`bt`,`hx`,`mj`,`sj`,`lx`,`fbsj`,`fwtp`,`stat` FROM `house` ORDER BY id desc LIMIT 0,5   [ RunTime:0.0003s ]
INFO: [ view_parse ] --START--
INFO: [ template_filter ] --START--
INFO: Run Behavior\ContentReplaceBehavior [ RunTime:0.000075s ]
INFO: [ template_filter ] --END-- [ RunTime:0.000127s ]
INFO: Run Behavior\ParseTemplateBehavior [ RunTime:0.009478s ]
INFO: [ view_parse ] --END-- [ RunTime:0.009528s ]
INFO: [ view_filter ] --START--
INFO: Run Behavior\WriteHtmlCacheBehavior [ RunTime:0.000674s ]
INFO: [ view_filter ] --END-- [ RunTime:0.000711s ]
INFO: [ app_end ] --START--
INFO: Run Behavior\ShowPageTraceBehavior [ RunTime:0.000838s ]
INFO: [ app_end ] --END-- [ RunTime:0.000876s ]

[ 2016-09-13T14:35:59+08:00 ] ::1 /house/index.php/Admin/Index/index/pnow/1.html
INFO: [ app_init ] --START--
INFO: Run Behavior\BuildLiteBehavior [ RunTime:0.000016s ]
INFO: [ app_init ] --END-- [ RunTime:0.000492s ]
INFO: [ app_begin ] --START--
INFO: Run Behavior\ReadHtmlCacheBehavior [ RunTime:0.001162s ]
INFO: [ app_begin ] --END-- [ RunTime:0.001218s ]
SQL: SHOW COLUMNS FROM `house` [ RunTime:0.0074s ]
NOTIC: [8] Undefined variable: where C:\xampp\htdocs\house\Admin\Controller\IndexController.class.php 第 20 行.
SQL: SELECT COUNT(*) AS tp_count FROM `house` LIMIT 1   [ RunTime:0.0003s ]
NOTIC: [8] Undefined variable: where C:\xampp\htdocs\house\Admin\Controller\IndexController.class.php 第 24 行.
SQL: SELECT `id`,`bt`,`hx`,`mj`,`sj`,`lx`,`fbsj`,`fwtp`,`stat` FROM `house` ORDER BY id desc LIMIT 0,5   [ RunTime:0.0003s ]
INFO: [ view_parse ] --START--
INFO: [ template_filter ] --START--
INFO: Run Behavior\ContentReplaceBehavior [ RunTime:0.000076s ]
INFO: [ template_filter ] --END-- [ RunTime:0.000121s ]
INFO: Run Behavior\ParseTemplateBehavior [ RunTime:0.009409s ]
INFO: [ view_parse ] --END-- [ RunTime:0.009466s ]
INFO: [ view_filter ] --START--
INFO: Run Behavior\WriteHtmlCacheBehavior [ RunTime:0.000656s ]
INFO: [ view_filter ] --END-- [ RunTime:0.000694s ]
INFO: [ app_end ] --START--
INFO: Run Behavior\ShowPageTraceBehavior [ RunTime:0.000952s ]
INFO: [ app_end ] --END-- [ RunTime:0.000999s ]

[ 2016-09-13T14:36:59+08:00 ] ::1 /house/index.php/Admin/Index/index/pnow/1.html
INFO: [ app_init ] --START--
INFO: Run Behavior\BuildLiteBehavior [ RunTime:0.000013s ]
INFO: [ app_init ] --END-- [ RunTime:0.000380s ]
INFO: [ app_begin ] --START--
INFO: Run Behavior\ReadHtmlCacheBehavior [ RunTime:0.001088s ]
INFO: [ app_begin ] --END-- [ RunTime:0.001154s ]
SQL: SHOW COLUMNS FROM `house` [ RunTime:0.0062s ]
NOTIC: [8] Undefined variable: where C:\xampp\htdocs\house\Admin\Controller\IndexController.class.php 第 20 行.
SQL: SELECT COUNT(*) AS tp_count FROM `house` LIMIT 1   [ RunTime:0.0003s ]
NOTIC: [8] Undefined variable: where C:\xampp\htdocs\house\Admin\Controller\IndexController.class.php 第 24 行.
SQL: SELECT `id`,`bt`,`hx`,`mj`,`sj`,`lx`,`fbsj`,`fwtp`,`stat` FROM `house` ORDER BY id desc LIMIT 0,5   [ RunTime:0.0003s ]
INFO: [ view_parse ] --START--
INFO: [ template_filter ] --START--
INFO: Run Behavior\ContentReplaceBehavior [ RunTime:0.000056s ]
INFO: [ template_filter ] --END-- [ RunTime:0.000110s ]
INFO: Run Behavior\ParseTemplateBehavior [ RunTime:0.009107s ]
INFO: [ view_parse ] --END-- [ RunTime:0.009167s ]
INFO: [ view_filter ] --START--
INFO: Run Behavior\WriteHtmlCacheBehavior [ RunTime:0.000673s ]
INFO: [ view_filter ] --END-- [ RunTime:0.000710s ]
INFO: [ app_end ] --START--
INFO: Run Behavior\ShowPageTraceBehavior [ RunTime:0.000972s ]
INFO: [ app_end ] --END-- [ RunTime:0.001018s ]

[ 2016-09-13T14:37:02+08:00 ] ::1 /house/index.php/Admin/Index/index.html
INFO: [ app_init ] --START--
INFO: Run Behavior\BuildLiteBehavior [ RunTime:0.000012s ]
INFO: [ app_init ] --END-- [ RunTime:0.000457s ]
INFO: [ app_begin ] --START--
INFO: Run Behavior\ReadHtmlCacheBehavior [ RunTime:0.000841s ]
INFO: [ app_begin ] --END-- [ RunTime:0.000883s ]
SQL: SHOW COLUMNS FROM `house` [ RunTime:0.0059s ]
NOTIC: [8] Undefined variable: where C:\xampp\htdocs\house\Admin\Controller\IndexController.class.php 第 20 行.
SQL: SELECT COUNT(*) AS tp_count FROM `house` LIMIT 1   [ RunTime:0.0003s ]
NOTIC: [8] Undefined variable: where C:\xampp\htdocs\house\Admin\Controller\IndexController.class.php 第 24 行.
SQL: SELECT `id`,`bt`,`hx`,`mj`,`sj`,`lx`,`fbsj`,`fwtp`,`stat` FROM `house` ORDER BY id desc LIMIT 0,5   [ RunTime:0.0006s ]
INFO: [ view_parse ] --START--
INFO: [ template_filter ] --START--
INFO: Run Behavior\ContentReplaceBehavior [ RunTime:0.000055s ]
INFO: [ template_filter ] --END-- [ RunTime:0.000103s ]
INFO: Run Behavior\ParseTemplateBehavior [ RunTime:0.008124s ]
INFO: [ view_parse ] --END-- [ RunTime:0.008173s ]
INFO: [ view_filter ] --START--
INFO: Run Behavior\WriteHtmlCacheBehavior [ RunTime:0.000620s ]
INFO: [ view_filter ] --END-- [ RunTime:0.000657s ]
INFO: [ app_end ] --START--
INFO: Run Behavior\ShowPageTraceBehavior [ RunTime:0.000818s ]
INFO: [ app_end ] --END-- [ RunTime:0.000857s ]

[ 2016-09-13T14:37:41+08:00 ] ::1 /house/index.php/Admin/Index/index.html
INFO: [ app_init ] --START--
INFO: Run Behavior\BuildLiteBehavior [ RunTime:0.000022s ]
INFO: [ app_init ] --END-- [ RunTime:0.000691s ]
INFO: [ app_begin ] --START--
INFO: Run Behavior\ReadHtmlCacheBehavior [ RunTime:0.001257s ]
INFO: [ app_begin ] --END-- [ RunTime:0.001320s ]
SQL: SHOW COLUMNS FROM `house` [ RunTime:0.0065s ]
NOTIC: [8] Undefined variable: where C:\xampp\htdocs\house\Admin\Controller\IndexController.class.php 第 20 行.
SQL: SELECT COUNT(*) AS tp_count FROM `house` LIMIT 1   [ RunTime:0.0003s ]
NOTIC: [8] Undefined variable: where C:\xampp\htdocs\house\Admin\Controller\IndexController.class.php 第 24 行.
SQL: SELECT `id`,`bt`,`hx`,`mj`,`sj`,`lx`,`fbsj`,`fwtp`,`stat` FROM `house` ORDER BY id desc LIMIT 0,5   [ RunTime:0.0005s ]
INFO: [ view_parse ] --START--
INFO: [ template_filter ] --START--
INFO: Run Behavior\ContentReplaceBehavior [ RunTime:0.000058s ]
INFO: [ template_filter ] --END-- [ RunTime:0.000115s ]
INFO: Run Behavior\ParseTemplateBehavior [ RunTime:0.008831s ]
INFO: [ view_parse ] --END-- [ RunTime:0.008910s ]
INFO: [ view_filter ] --START--
INFO: Run Behavior\WriteHtmlCacheBehavior [ RunTime:0.000639s ]
INFO: [ view_filter ] --END-- [ RunTime:0.000675s ]
INFO: [ app_end ] --START--
INFO: Run Behavior\ShowPageTraceBehavior [ RunTime:0.000875s ]
INFO: [ app_end ] --END-- [ RunTime:0.000914s ]

[ 2016-09-13T14:37:42+08:00 ] ::1 /house/index.php/Admin/Index/index.html
INFO: [ app_init ] --START--
INFO: Run Behavior\BuildLiteBehavior [ RunTime:0.000012s ]
INFO: [ app_init ] --END-- [ RunTime:0.000363s ]
INFO: [ app_begin ] --START--
INFO: Run Behavior\ReadHtmlCacheBehavior [ RunTime:0.000843s ]
INFO: [ app_begin ] --END-- [ RunTime:0.000904s ]
SQL: SHOW COLUMNS FROM `house` [ RunTime:0.0072s ]
NOTIC: [8] Undefined variable: where C:\xampp\htdocs\house\Admin\Controller\IndexController.class.php 第 20 行.
SQL: SELECT COUNT(*) AS tp_count FROM `house` LIMIT 1   [ RunTime:0.0003s ]
NOTIC: [8] Undefined variable: where C:\xampp\htdocs\house\Admin\Controller\IndexController.class.php 第 24 行.
SQL: SELECT `id`,`bt`,`hx`,`mj`,`sj`,`lx`,`fbsj`,`fwtp`,`stat` FROM `house` ORDER BY id desc LIMIT 0,5   [ RunTime:0.0004s ]
INFO: [ view_parse ] --START--
INFO: [ template_filter ] --START--
INFO: Run Behavior\ContentReplaceBehavior [ RunTime:0.000055s ]
INFO: [ template_filter ] --END-- [ RunTime:0.000105s ]
INFO: Run Behavior\ParseTemplateBehavior [ RunTime:0.007952s ]
INFO: [ view_parse ] --END-- [ RunTime:0.008004s ]
INFO: [ view_filter ] --START--
INFO: Run Behavior\WriteHtmlCacheBehavior [ RunTime:0.000644s ]
INFO: [ view_filter ] --END-- [ RunTime:0.000681s ]
INFO: [ app_end ] --START--
INFO: Run Behavior\ShowPageTraceBehavior [ RunTime:0.000844s ]
INFO: [ app_end ] --END-- [ RunTime:0.000882s ]

[ 2016-09-13T14:38:00+08:00 ] ::1 /house/index.php/Admin/Index/index.html
INFO: [ app_init ] --START--
INFO: Run Behavior\BuildLiteBehavior [ RunTime:0.000019s ]
INFO: [ app_init ] --END-- [ RunTime:0.000659s ]
INFO: [ app_begin ] --START--
INFO: Run Behavior\ReadHtmlCacheBehavior [ RunTime:0.001200s ]
INFO: [ app_begin ] --END-- [ RunTime:0.001259s ]
SQL: SHOW COLUMNS FROM `house` [ RunTime:0.0073s ]
NOTIC: [8] Undefined variable: where C:\xampp\htdocs\house\Admin\Controller\IndexController.class.php 第 20 行.
SQL: SELECT COUNT(*) AS tp_count FROM `house` LIMIT 1   [ RunTime:0.0003s ]
NOTIC: [8] Undefined variable: where C:\xampp\htdocs\house\Admin\Controller\IndexController.class.php 第 24 行.
SQL: SELECT `id`,`bt`,`hx`,`mj`,`sj`,`lx`,`fbsj`,`fwtp`,`stat` FROM `house` ORDER BY id desc LIMIT 0,5   [ RunTime:0.0005s ]
INFO: [ view_parse ] --START--
INFO: [ template_filter ] --START--
INFO: Run Behavior\ContentReplaceBehavior [ RunTime:0.000075s ]
INFO: [ template_filter ] --END-- [ RunTime:0.000124s ]
INFO: Run Behavior\ParseTemplateBehavior [ RunTime:0.009892s ]
INFO: [ view_parse ] --END-- [ RunTime:0.009961s ]
INFO: [ view_filter ] --START--
INFO: Run Behavior\WriteHtmlCacheBehavior [ RunTime:0.000859s ]
INFO: [ view_filter ] --END-- [ RunTime:0.000903s ]
INFO: [ app_end ] --START--
INFO: Run Behavior\ShowPageTraceBehavior [ RunTime:0.000843s ]
INFO: [ app_end ] --END-- [ RunTime:0.000882s ]

[ 2016-09-13T14:39:11+08:00 ] ::1 /house/index.php/Admin/Index/index.html
INFO: [ app_init ] --START--
INFO: Run Behavior\BuildLiteBehavior [ RunTime:0.000012s ]
INFO: [ app_init ] --END-- [ RunTime:0.000363s ]
INFO: [ app_begin ] --START--
INFO: Run Behavior\ReadHtmlCacheBehavior [ RunTime:0.000835s ]
INFO: [ app_begin ] --END-- [ RunTime:0.000877s ]
SQL: SHOW COLUMNS FROM `house` [ RunTime:0.0072s ]
NOTIC: [8] Undefined variable: where C:\xampp\htdocs\house\Admin\Controller\IndexController.class.php 第 20 行.
SQL: SELECT COUNT(*) AS tp_count FROM `house` LIMIT 1   [ RunTime:0.0003s ]
NOTIC: [8] Undefined variable: where C:\xampp\htdocs\house\Admin\Controller\IndexController.class.php 第 24 行.
SQL: SELECT `id`,`bt`,`hx`,`mj`,`sj`,`lx`,`fbsj`,`fwtp`,`stat` FROM `house` ORDER BY id desc LIMIT 0,5   [ RunTime:0.0005s ]
INFO: [ view_parse ] --START--
NOTIC: [2] simplexml_load_string(): Entity: line 3: parser error : error parsing attribute name C:\xampp\htdocs\ThinkPHP\Library\Think\Template.class.php 第 275 行.
NOTIC: [2] simplexml_load_string(): 	&lt;!--分页--&gt; C:\xampp\htdocs\ThinkPHP\Library\Think\Template.class.php 第 275 行.
NOTIC: [2] simplexml_load_string(): 	^ C:\xampp\htdocs\ThinkPHP\Library\Think\Template.class.php 第 275 行.
NOTIC: [2] simplexml_load_string(): Entity: line 3: parser error : attributes construct error C:\xampp\htdocs\ThinkPHP\Library\Think\Template.class.php 第 275 行.
NOTIC: [2] simplexml_load_string(): 	&lt;!--分页--&gt; C:\xampp\htdocs\ThinkPHP\Library\Think\Template.class.php 第 275 行.
NOTIC: [2] simplexml_load_string(): 	^ C:\xampp\htdocs\ThinkPHP\Library\Think\Template.class.php 第 275 行.
NOTIC: [2] simplexml_load_string(): Entity: line 3: parser error : Couldn't find end of Start Tag tag line 1 C:\xampp\htdocs\ThinkPHP\Library\Think\Template.class.php 第 275 行.
NOTIC: [2] simplexml_load_string(): 	&lt;!--分页--&gt; C:\xampp\htdocs\ThinkPHP\Library\Think\Template.class.php 第 275 行.
NOTIC: [2] simplexml_load_string(): 	^ C:\xampp\htdocs\ThinkPHP\Library\Think\Template.class.php 第 275 行.
NOTIC: [2] simplexml_load_string(): Entity: line 5: parser error : Opening and ending tag mismatch: if line 4 and tpl C:\xampp\htdocs\ThinkPHP\Library\Think\Template.class.php 第 275 行.
NOTIC: [2] simplexml_load_string(): 		&lt;include file='./Public/share/house_fpage.html' /&gt;&lt;/tpl&gt; C:\xampp\htdocs\ThinkPHP\Library\Think\Template.class.php 第 275 行.
NOTIC: [2] simplexml_load_string(): 		                                                        ^ C:\xampp\htdocs\ThinkPHP\Library\Think\Template.class.php 第 275 行.
NOTIC: [2] simplexml_load_string(): Entity: line 5: parser error : Premature end of data in tag tpl line 1 C:\xampp\htdocs\ThinkPHP\Library\Think\Template.class.php 第 275 行.
NOTIC: [2] simplexml_load_string(): 		&lt;include file='./Public/share/house_fpage.html' /&gt;&lt;/tpl&gt; C:\xampp\htdocs\ThinkPHP\Library\Think\Template.class.php 第 275 行.
NOTIC: [2] simplexml_load_string(): 		                                                        ^ C:\xampp\htdocs\ThinkPHP\Library\Think\Template.class.php 第 275 行.
ERR: XML标签语法错误

[ 2016-09-13T14:39:19+08:00 ] ::1 /house/index.php/Admin/Index/index.html
INFO: [ app_init ] --START--
INFO: Run Behavior\BuildLiteBehavior [ RunTime:0.000017s ]
INFO: [ app_init ] --END-- [ RunTime:0.000589s ]
INFO: [ app_begin ] --START--
INFO: Run Behavior\ReadHtmlCacheBehavior [ RunTime:0.001309s ]
INFO: [ app_begin ] --END-- [ RunTime:0.001375s ]
SQL: SHOW COLUMNS FROM `house` [ RunTime:0.0064s ]
NOTIC: [8] Undefined variable: where C:\xampp\htdocs\house\Admin\Controller\IndexController.class.php 第 20 行.
SQL: SELECT COUNT(*) AS tp_count FROM `house` LIMIT 1   [ RunTime:0.0003s ]
NOTIC: [8] Undefined variable: where C:\xampp\htdocs\house\Admin\Controller\IndexController.class.php 第 24 行.
SQL: SELECT `id`,`bt`,`hx`,`mj`,`sj`,`lx`,`fbsj`,`fwtp`,`stat` FROM `house` ORDER BY id desc LIMIT 0,5   [ RunTime:0.0003s ]
INFO: [ view_parse ] --START--
INFO: [ template_filter ] --START--
INFO: Run Behavior\ContentReplaceBehavior [ RunTime:0.000097s ]
INFO: [ template_filter ] --END-- [ RunTime:0.000154s ]
INFO: Run Behavior\ParseTemplateBehavior [ RunTime:0.012659s ]
INFO: [ view_parse ] --END-- [ RunTime:0.012714s ]
INFO: [ view_filter ] --START--
INFO: Run Behavior\WriteHtmlCacheBehavior [ RunTime:0.000647s ]
INFO: [ view_filter ] --END-- [ RunTime:0.000685s ]
INFO: [ app_end ] --START--
INFO: Run Behavior\ShowPageTraceBehavior [ RunTime:0.000935s ]
INFO: [ app_end ] --END-- [ RunTime:0.000990s ]

[ 2016-09-13T14:39:26+08:00 ] ::1 /house/index.php/Admin/Index/index.html?pnow=3
INFO: [ app_init ] --START--
INFO: Run Behavior\BuildLiteBehavior [ RunTime:0.000013s ]
INFO: [ app_init ] --END-- [ RunTime:0.000416s ]
INFO: [ app_begin ] --START--
INFO: Run Behavior\ReadHtmlCacheBehavior [ RunTime:0.000621s ]
INFO: [ app_begin ] --END-- [ RunTime:0.000674s ]
SQL: SHOW COLUMNS FROM `house` [ RunTime:0.0073s ]
NOTIC: [8] Undefined variable: where C:\xampp\htdocs\house\Admin\Controller\IndexController.class.php 第 20 行.
SQL: SELECT COUNT(*) AS tp_count FROM `house` LIMIT 1   [ RunTime:0.0003s ]
NOTIC: [8] Undefined variable: where C:\xampp\htdocs\house\Admin\Controller\IndexController.class.php 第 24 行.
SQL: SELECT `id`,`bt`,`hx`,`mj`,`sj`,`lx`,`fbsj`,`fwtp`,`stat` FROM `house` ORDER BY id desc LIMIT 10,5   [ RunTime:0.0006s ]
INFO: [ view_parse ] --START--
INFO: [ template_filter ] --START--
INFO: Run Behavior\ContentReplaceBehavior [ RunTime:0.000094s ]
INFO: [ template_filter ] --END-- [ RunTime:0.000154s ]
INFO: Run Behavior\ParseTemplateBehavior [ RunTime:0.011486s ]
INFO: [ view_parse ] --END-- [ RunTime:0.011541s ]
INFO: [ view_filter ] --START--
INFO: Run Behavior\WriteHtmlCacheBehavior [ RunTime:0.000580s ]
INFO: [ view_filter ] --END-- [ RunTime:0.000632s ]
INFO: [ app_end ] --START--
INFO: Run Behavior\ShowPageTraceBehavior [ RunTime:0.000786s ]
INFO: [ app_end ] --END-- [ RunTime:0.000844s ]

[ 2016-09-13T14:39:27+08:00 ] ::1 /house/index.php/Admin/Index/index.html?pnow=2
INFO: [ app_init ] --START--
INFO: Run Behavior\BuildLiteBehavior [ RunTime:0.000013s ]
INFO: [ app_init ] --END-- [ RunTime:0.000372s ]
INFO: [ app_begin ] --START--
INFO: Run Behavior\ReadHtmlCacheBehavior [ RunTime:0.000502s ]
INFO: [ app_begin ] --END-- [ RunTime:0.000545s ]
SQL: SHOW COLUMNS FROM `house` [ RunTime:0.0065s ]
NOTIC: [8] Undefined variable: where C:\xampp\htdocs\house\Admin\Controller\IndexController.class.php 第 20 行.
SQL: SELECT COUNT(*) AS tp_count FROM `house` LIMIT 1   [ RunTime:0.0003s ]
NOTIC: [8] Undefined variable: where C:\xampp\htdocs\house\Admin\Controller\IndexController.class.php 第 24 行.
SQL: SELECT `id`,`bt`,`hx`,`mj`,`sj`,`lx`,`fbsj`,`fwtp`,`stat` FROM `house` ORDER BY id desc LIMIT 5,5   [ RunTime:0.0006s ]
INFO: [ view_parse ] --START--
INFO: [ template_filter ] --START--
INFO: Run Behavior\ContentReplaceBehavior [ RunTime:0.000091s ]
INFO: [ template_filter ] --END-- [ RunTime:0.000140s ]
INFO: Run Behavior\ParseTemplateBehavior [ RunTime:0.010326s ]
INFO: [ view_parse ] --END-- [ RunTime:0.010379s ]
INFO: [ view_filter ] --START--
INFO: Run Behavior\WriteHtmlCacheBehavior [ RunTime:0.000254s ]
INFO: [ view_filter ] --END-- [ RunTime:0.000290s ]
INFO: [ app_end ] --START--
INFO: Run Behavior\ShowPageTraceBehavior [ RunTime:0.000458s ]
INFO: [ app_end ] --END-- [ RunTime:0.000498s ]

[ 2016-09-13T14:39:50+08:00 ] ::1 /house/index.php/Admin/Index/index.html?pnow=2
INFO: [ app_init ] --START--
INFO: Run Behavior\BuildLiteBehavior [ RunTime:0.000013s ]
INFO: [ app_init ] --END-- [ RunTime:0.000369s ]
INFO: [ app_begin ] --START--
INFO: Run Behavior\ReadHtmlCacheBehavior [ RunTime:0.000545s ]
INFO: [ app_begin ] --END-- [ RunTime:0.000594s ]
SQL: SHOW COLUMNS FROM `house` [ RunTime:0.0071s ]
NOTIC: [8] Undefined variable: where C:\xampp\htdocs\house\Admin\Controller\IndexController.class.php 第 20 行.
SQL: SELECT COUNT(*) AS tp_count FROM `house` LIMIT 1   [ RunTime:0.0003s ]
NOTIC: [8] Undefined variable: where C:\xampp\htdocs\house\Admin\Controller\IndexController.class.php 第 24 行.
SQL: SELECT `id`,`bt`,`hx`,`mj`,`sj`,`lx`,`fbsj`,`fwtp`,`stat` FROM `house` ORDER BY id desc LIMIT 5,5   [ RunTime:0.0007s ]
INFO: [ view_parse ] --START--
INFO: [ template_filter ] --START--
INFO: Run Behavior\ContentReplaceBehavior [ RunTime:0.000100s ]
INFO: [ template_filter ] --END-- [ RunTime:0.000162s ]
INFO: Run Behavior\ParseTemplateBehavior [ RunTime:0.011257s ]
INFO: [ view_parse ] --END-- [ RunTime:0.011373s ]
INFO: [ view_filter ] --START--
INFO: Run Behavior\WriteHtmlCacheBehavior [ RunTime:0.000262s ]
INFO: [ view_filter ] --END-- [ RunTime:0.000298s ]
INFO: [ app_end ] --START--
INFO: Run Behavior\ShowPageTraceBehavior [ RunTime:0.000462s ]
INFO: [ app_end ] --END-- [ RunTime:0.000504s ]

[ 2016-09-13T14:39:52+08:00 ] ::1 /house/index.php/Admin/Index/index.html?pnow=3
INFO: [ app_init ] --START--
INFO: Run Behavior\BuildLiteBehavior [ RunTime:0.000013s ]
INFO: [ app_init ] --END-- [ RunTime:0.000385s ]
INFO: [ app_begin ] --START--
INFO: Run Behavior\ReadHtmlCacheBehavior [ RunTime:0.000839s ]
INFO: [ app_begin ] --END-- [ RunTime:0.000884s ]
SQL: SHOW COLUMNS FROM `house` [ RunTime:0.0056s ]
NOTIC: [8] Undefined variable: where C:\xampp\htdocs\house\Admin\Controller\IndexController.class.php 第 20 行.
SQL: SELECT COUNT(*) AS tp_count FROM `house` LIMIT 1   [ RunTime:0.0003s ]
NOTIC: [8] Undefined variable: where C:\xampp\htdocs\house\Admin\Controller\IndexController.class.php 第 24 行.
SQL: SELECT `id`,`bt`,`hx`,`mj`,`sj`,`lx`,`fbsj`,`fwtp`,`stat` FROM `house` ORDER BY id desc LIMIT 10,5   [ RunTime:0.0004s ]
INFO: [ view_parse ] --START--
INFO: [ template_filter ] --START--
INFO: Run Behavior\ContentReplaceBehavior [ RunTime:0.000095s ]
INFO: [ template_filter ] --END-- [ RunTime:0.000146s ]
INFO: Run Behavior\ParseTemplateBehavior [ RunTime:0.011895s ]
INFO: [ view_parse ] --END-- [ RunTime:0.011948s ]
INFO: [ view_filter ] --START--
INFO: Run Behavior\WriteHtmlCacheBehavior [ RunTime:0.000647s ]
INFO: [ view_filter ] --END-- [ RunTime:0.000688s ]
INFO: [ app_end ] --START--
INFO: Run Behavior\ShowPageTraceBehavior [ RunTime:0.000845s ]
INFO: [ app_end ] --END-- [ RunTime:0.000884s ]

[ 2016-09-13T14:41:11+08:00 ] ::1 /house/index.php/Admin/Index/index.html?pnow=3
INFO: [ app_init ] --START--
INFO: Run Behavior\BuildLiteBehavior [ RunTime:0.000017s ]
INFO: [ app_init ] --END-- [ RunTime:0.000480s ]
INFO: [ app_begin ] --START--
INFO: Run Behavior\ReadHtmlCacheBehavior [ RunTime:0.000935s ]
INFO: [ app_begin ] --END-- [ RunTime:0.000986s ]
SQL: SHOW COLUMNS FROM `house` [ RunTime:0.0071s ]
NOTIC: [8] Undefined variable: where C:\xampp\htdocs\house\Admin\Controller\IndexController.class.php 第 20 行.
SQL: SELECT COUNT(*) AS tp_count FROM `house` LIMIT 1   [ RunTime:0.0003s ]
NOTIC: [8] Undefined variable: where C:\xampp\htdocs\house\Admin\Controller\IndexController.class.php 第 24 行.
SQL: SELECT `id`,`bt`,`hx`,`mj`,`sj`,`lx`,`fbsj`,`fwtp`,`stat` FROM `house` ORDER BY id desc LIMIT 10,5   [ RunTime:0.0006s ]
INFO: [ view_parse ] --START--
INFO: [ template_filter ] --START--
INFO: Run Behavior\ContentReplaceBehavior [ RunTime:0.000089s ]
INFO: [ template_filter ] --END-- [ RunTime:0.000145s ]
INFO: Run Behavior\ParseTemplateBehavior [ RunTime:0.012680s ]
INFO: [ view_parse ] --END-- [ RunTime:0.012752s ]
INFO: [ view_filter ] --START--
INFO: Run Behavior\WriteHtmlCacheBehavior [ RunTime:0.001128s ]
INFO: [ view_filter ] --END-- [ RunTime:0.001209s ]
INFO: [ app_end ] --START--
INFO: Run Behavior\ShowPageTraceBehavior [ RunTime:0.001420s ]
INFO: [ app_end ] --END-- [ RunTime:0.001493s ]

[ 2016-09-13T14:41:12+08:00 ] ::1 /house/index.php/Admin/Index/index.html?pnow=3
INFO: [ app_init ] --START--
INFO: Run Behavior\BuildLiteBehavior [ RunTime:0.000016s ]
INFO: [ app_init ] --END-- [ RunTime:0.000422s ]
INFO: [ app_begin ] --START--
INFO: Run Behavior\ReadHtmlCacheBehavior [ RunTime:0.000626s ]
INFO: [ app_begin ] --END-- [ RunTime:0.000683s ]
SQL: SHOW COLUMNS FROM `house` [ RunTime:0.0084s ]
NOTIC: [8] Undefined variable: where C:\xampp\htdocs\house\Admin\Controller\IndexController.class.php 第 20 行.
SQL: SELECT COUNT(*) AS tp_count FROM `house` LIMIT 1   [ RunTime:0.0003s ]
NOTIC: [8] Undefined variable: where C:\xampp\htdocs\house\Admin\Controller\IndexController.class.php 第 24 行.
SQL: SELECT `id`,`bt`,`hx`,`mj`,`sj`,`lx`,`fbsj`,`fwtp`,`stat` FROM `house` ORDER BY id desc LIMIT 10,5   [ RunTime:0.0005s ]
INFO: [ view_parse ] --START--
INFO: [ template_filter ] --START--
INFO: Run Behavior\ContentReplaceBehavior [ RunTime:0.000088s ]
INFO: [ template_filter ] --END-- [ RunTime:0.000140s ]
INFO: Run Behavior\ParseTemplateBehavior [ RunTime:0.011902s ]
INFO: [ view_parse ] --END-- [ RunTime:0.011966s ]
INFO: [ view_filter ] --START--
INFO: Run Behavior\WriteHtmlCacheBehavior [ RunTime:0.000265s ]
INFO: [ view_filter ] --END-- [ RunTime:0.000301s ]
INFO: [ app_end ] --START--
INFO: Run Behavior\ShowPageTraceBehavior [ RunTime:0.000423s ]
INFO: [ app_end ] --END-- [ RunTime:0.000459s ]

[ 2016-09-13T14:41:13+08:00 ] ::1 /house/index.php/Admin/Index/index.html?pnow=2
INFO: [ app_init ] --START--
INFO: Run Behavior\BuildLiteBehavior [ RunTime:0.000012s ]
INFO: [ app_init ] --END-- [ RunTime:0.000372s ]
INFO: [ app_begin ] --START--
INFO: Run Behavior\ReadHtmlCacheBehavior [ RunTime:0.000862s ]
INFO: [ app_begin ] --END-- [ RunTime:0.000907s ]
SQL: SHOW COLUMNS FROM `house` [ RunTime:0.0068s ]
NOTIC: [8] Undefined variable: where C:\xampp\htdocs\house\Admin\Controller\IndexController.class.php 第 20 行.
SQL: SELECT COUNT(*) AS tp_count FROM `house` LIMIT 1   [ RunTime:0.0003s ]
NOTIC: [8] Undefined variable: where C:\xampp\htdocs\house\Admin\Controller\IndexController.class.php 第 24 行.
SQL: SELECT `id`,`bt`,`hx`,`mj`,`sj`,`lx`,`fbsj`,`fwtp`,`stat` FROM `house` ORDER BY id desc LIMIT 5,5   [ RunTime:0.0004s ]
INFO: [ view_parse ] --START--
INFO: [ template_filter ] --START--
INFO: Run Behavior\ContentReplaceBehavior [ RunTime:0.000090s ]
INFO: [ template_filter ] --END-- [ RunTime:0.000139s ]
INFO: Run Behavior\ParseTemplateBehavior [ RunTime:0.011889s ]
INFO: [ view_parse ] --END-- [ RunTime:0.011951s ]
INFO: [ view_filter ] --START--
INFO: Run Behavior\WriteHtmlCacheBehavior [ RunTime:0.000624s ]
INFO: [ view_filter ] --END-- [ RunTime:0.000661s ]
INFO: [ app_end ] --START--
INFO: Run Behavior\ShowPageTraceBehavior [ RunTime:0.000962s ]
INFO: [ app_end ] --END-- [ RunTime:0.001014s ]

[ 2016-09-13T14:41:15+08:00 ] ::1 /house/index.php/Admin/Index/index.html?pnow=1
INFO: [ app_init ] --START--
INFO: Run Behavior\BuildLiteBehavior [ RunTime:0.000013s ]
INFO: [ app_init ] --END-- [ RunTime:0.000381s ]
INFO: [ app_begin ] --START--
INFO: Run Behavior\ReadHtmlCacheBehavior [ RunTime:0.000894s ]
INFO: [ app_begin ] --END-- [ RunTime:0.000954s ]
SQL: SHOW COLUMNS FROM `house` [ RunTime:0.0064s ]
NOTIC: [8] Undefined variable: where C:\xampp\htdocs\house\Admin\Controller\IndexController.class.php 第 20 行.
SQL: SELECT COUNT(*) AS tp_count FROM `house` LIMIT 1   [ RunTime:0.0003s ]
NOTIC: [8] Undefined variable: where C:\xampp\htdocs\house\Admin\Controller\IndexController.class.php 第 24 行.
SQL: SELECT `id`,`bt`,`hx`,`mj`,`sj`,`lx`,`fbsj`,`fwtp`,`stat` FROM `house` ORDER BY id desc LIMIT 0,5   [ RunTime:0.0003s ]
INFO: [ view_parse ] --START--
INFO: [ template_filter ] --START--
INFO: Run Behavior\ContentReplaceBehavior [ RunTime:0.000090s ]
INFO: [ template_filter ] --END-- [ RunTime:0.000142s ]
INFO: Run Behavior\ParseTemplateBehavior [ RunTime:0.012372s ]
INFO: [ view_parse ] --END-- [ RunTime:0.012425s ]
INFO: [ view_filter ] --START--
INFO: Run Behavior\WriteHtmlCacheBehavior [ RunTime:0.000612s ]
INFO: [ view_filter ] --END-- [ RunTime:0.000647s ]
INFO: [ app_end ] --START--
INFO: Run Behavior\ShowPageTraceBehavior [ RunTime:0.001390s ]
INFO: [ app_end ] --END-- [ RunTime:0.001493s ]

[ 2016-09-13T14:41:26+08:00 ] ::1 /house/index.php/Admin/Index/index.html
INFO: [ app_init ] --START--
INFO: Run Behavior\BuildLiteBehavior [ RunTime:0.000011s ]
INFO: [ app_init ] --END-- [ RunTime:0.000352s ]
INFO: [ app_begin ] --START--
INFO: Run Behavior\ReadHtmlCacheBehavior [ RunTime:0.000846s ]
INFO: [ app_begin ] --END-- [ RunTime:0.000889s ]
SQL: SHOW COLUMNS FROM `house` [ RunTime:0.0067s ]
NOTIC: [8] Undefined variable: where C:\xampp\htdocs\house\Admin\Controller\IndexController.class.php 第 20 行.
SQL: SELECT COUNT(*) AS tp_count FROM `house` LIMIT 1   [ RunTime:0.0003s ]
NOTIC: [8] Undefined variable: where C:\xampp\htdocs\house\Admin\Controller\IndexController.class.php 第 24 行.
SQL: SELECT `id`,`bt`,`hx`,`mj`,`sj`,`lx`,`fbsj`,`fwtp`,`stat` FROM `house` ORDER BY id desc LIMIT 0,5   [ RunTime:0.0003s ]
INFO: [ view_parse ] --START--
INFO: [ template_filter ] --START--
INFO: Run Behavior\ContentReplaceBehavior [ RunTime:0.000096s ]
INFO: [ template_filter ] --END-- [ RunTime:0.000151s ]
INFO: Run Behavior\ParseTemplateBehavior [ RunTime:0.012336s ]
INFO: [ view_parse ] --END-- [ RunTime:0.012387s ]
INFO: [ view_filter ] --START--
INFO: Run Behavior\WriteHtmlCacheBehavior [ RunTime:0.000625s ]
INFO: [ view_filter ] --END-- [ RunTime:0.000661s ]
INFO: [ app_end ] --START--
INFO: Run Behavior\ShowPageTraceBehavior [ RunTime:0.000928s ]
INFO: [ app_end ] --END-- [ RunTime:0.000979s ]

[ 2016-09-13T14:41:56+08:00 ] ::1 /house/index.php/Admin/Index/index.html
INFO: [ app_init ] --START--
INFO: Run Behavior\BuildLiteBehavior [ RunTime:0.000012s ]
INFO: [ app_init ] --END-- [ RunTime:0.000373s ]
INFO: [ app_begin ] --START--
INFO: Run Behavior\ReadHtmlCacheBehavior [ RunTime:0.000843s ]
INFO: [ app_begin ] --END-- [ RunTime:0.000886s ]
SQL: SHOW COLUMNS FROM `house` [ RunTime:0.0067s ]
NOTIC: [8] Undefined variable: where C:\xampp\htdocs\house\Admin\Controller\IndexController.class.php 第 20 行.
SQL: SELECT COUNT(*) AS tp_count FROM `house` LIMIT 1   [ RunTime:0.0003s ]
NOTIC: [8] Undefined variable: where C:\xampp\htdocs\house\Admin\Controller\IndexController.class.php 第 24 行.
SQL: SELECT `id`,`bt`,`hx`,`mj`,`sj`,`lx`,`fbsj`,`fwtp`,`stat` FROM `house` ORDER BY id desc LIMIT 0,5   [ RunTime:0.0003s ]
INFO: [ view_parse ] --START--
INFO: [ template_filter ] --START--
INFO: Run Behavior\ContentReplaceBehavior [ RunTime:0.000096s ]
INFO: [ template_filter ] --END-- [ RunTime:0.000147s ]
INFO: Run Behavior\ParseTemplateBehavior [ RunTime:0.012447s ]
INFO: [ view_parse ] --END-- [ RunTime:0.012499s ]
INFO: [ view_filter ] --START--
INFO: Run Behavior\WriteHtmlCacheBehavior [ RunTime:0.000652s ]
INFO: [ view_filter ] --END-- [ RunTime:0.000689s ]
INFO: [ app_end ] --START--
INFO: Run Behavior\ShowPageTraceBehavior [ RunTime:0.000843s ]
INFO: [ app_end ] --END-- [ RunTime:0.000889s ]

[ 2016-09-13T14:42:23+08:00 ] ::1 /house/index.php/Admin/Index/index.html
INFO: [ app_init ] --START--
INFO: Run Behavior\BuildLiteBehavior [ RunTime:0.000013s ]
INFO: [ app_init ] --END-- [ RunTime:0.000407s ]
INFO: [ app_begin ] --START--
INFO: Run Behavior\ReadHtmlCacheBehavior [ RunTime:0.000840s ]
INFO: [ app_begin ] --END-- [ RunTime:0.000881s ]
SQL: SHOW COLUMNS FROM `house` [ RunTime:0.0061s ]
NOTIC: [8] Undefined variable: where C:\xampp\htdocs\house\Admin\Controller\IndexController.class.php 第 20 行.
SQL: SELECT COUNT(*) AS tp_count FROM `house` LIMIT 1   [ RunTime:0.0003s ]
NOTIC: [8] Undefined variable: where C:\xampp\htdocs\house\Admin\Controller\IndexController.class.php 第 24 行.
SQL: SELECT `id`,`bt`,`hx`,`mj`,`sj`,`lx`,`fbsj`,`fwtp`,`stat` FROM `house` ORDER BY id desc LIMIT 0,5   [ RunTime:0.0003s ]
INFO: [ view_parse ] --START--
INFO: [ template_filter ] --START--
INFO: Run Behavior\ContentReplaceBehavior [ RunTime:0.000107s ]
INFO: [ template_filter ] --END-- [ RunTime:0.000166s ]
INFO: Run Behavior\ParseTemplateBehavior [ RunTime:0.013306s ]
INFO: [ view_parse ] --END-- [ RunTime:0.013360s ]
INFO: [ view_filter ] --START--
INFO: Run Behavior\WriteHtmlCacheBehavior [ RunTime:0.000868s ]
INFO: [ view_filter ] --END-- [ RunTime:0.000911s ]
INFO: [ app_end ] --START--
INFO: Run Behavior\ShowPageTraceBehavior [ RunTime:0.000932s ]
INFO: [ app_end ] --END-- [ RunTime:0.000979s ]

